<?xml version="1.0" encoding="UTF-8"?>
<!-- Generated by org.testng.reporters.JUnitReportReporter -->
<testsuite hostname="Himas-MBP" failures="0" tests="4" name="testCases.TC_003_LoginDDT" time="24.560" errors="0" timestamp="2022-11-27T20:02:42 EST" skipped="0">
  <testcase classname="testCases.TC_003_LoginDDT" name="testLoginDDT" time="1.138"/>
  <system-out/>
  <testcase classname="testCases.TC_003_LoginDDT" name="testLoginDDT" time="10.764"/>
  <system-out/>
  <testcase classname="testCases.TC_003_LoginDDT" name="testLoginDDT" time="10.835"/>
  <system-out/>
  <testcase classname="testCases.TC_003_LoginDDT" name="testLoginDDT" time="1.823"/>
  <system-out/>
</testsuite> <!-- testCases.TC_003_LoginDDT -->
