<?xml version="1.0" encoding="UTF-8"?>
<!-- Generated by org.testng.reporters.JUnitReportReporter -->
<testsuite hostname="Himas-MBP" failures="0" tests="1" name="testCases.TC_004_ValidateHomePageFooterLinks" time="5.253" errors="0" timestamp="2022-11-28T10:40:24 EST" skipped="0">
  <testcase classname="testCases.TC_004_ValidateHomePageFooterLinks" name="ValidateHomePageFooterLinks" time="5.253"/>
  <system-out/>
</testsuite> <!-- testCases.TC_004_ValidateHomePageFooterLinks -->
