<?xml version="1.0" encoding="UTF-8"?>
<!-- Generated by org.testng.reporters.JUnitReportReporter -->
<testsuite hostname="Himas-MBP" failures="0" tests="1" name="testCases.test_Account_Registration" time="3.947" errors="0" timestamp="2022-11-24T15:53:42 EST" skipped="0">
  <testcase classname="testCases.test_Account_Registration" name="test_RegisterAccount" time="3.947"/>
  <system-out/>
</testsuite> <!-- testCases.test_Account_Registration -->
