<?xml version="1.0" encoding="UTF-8"?>
<!-- Generated by org.testng.reporters.JUnitReportReporter -->
<testsuite hostname="Himas-MBP" failures="0" tests="1" name="testCases.TC_001_AccountRegistration" time="1.966" errors="0" timestamp="2022-11-28T10:40:24 EST" skipped="0">
  <testcase classname="testCases.TC_001_AccountRegistration" name="test_RegisterAccount" time="1.966"/>
  <system-out/>
</testsuite> <!-- testCases.TC_001_AccountRegistration -->
