<?xml version="1.0" encoding="UTF-8"?>
<!-- Generated by org.testng.reporters.JUnitReportReporter -->
<testsuite hostname="Himas-MBP" failures="0" tests="1" name="testCases.TC_005_TestMenuItems" time="1.249" errors="0" timestamp="2022-11-28T20:20:26 EST" skipped="0">
  <testcase classname="testCases.TC_005_TestMenuItems" name="testMenuItems" time="1.249"/>
  <system-out/>
</testsuite> <!-- testCases.TC_005_TestMenuItems -->
